<?xml version="1.0" encoding="UTF-8"?>
<testsuite name="App" tests="1" skipped="0" failures="0" errors="0" timestamp="2024-03-28T16:58:50" hostname="MARIA-JIMENEZ" time="65.794">
  <properties/>
  <testcase name="El usuario deja el campo Nombre vacio" classname="App" time="65.794"/>
  <system-out><![CDATA[|-- Dado el usuario Mafe ingresa a la opcion TextFieldWidget
|---- Ingresa a la app material y luego a la secciÃ³n especificada
|------ Mafe clicks on The card for get into the Inputs Screen page
|-- Cuando el usuario deja vacio el campo Nombre
|---- Ingresa celular incompleto
|------ Ingresa nombre y celular incompleto
|-------- Mafe clicks on Names for first part of the form
|-------- Mafe enters '' into Nombre for first part of the form
|-------- Mafe clicks on Click por fuera
|-------- Mafe clicks on Cel for first part of the form
|-------- Mafe enters '3197079603' into Cel for first part of the form
|------ Ingresa constraseÃ±a
|-------- Realiza scroll largo
|-------- Mafe clicks on Click por fuera
|-------- Mafe clicks on ContraseÃ±a for first part of the form
|-------- Mafe enters '123' into ContraseÃ±a for first part of the form
|-------- Mafe clicks on ContraseÃ±a for second part of the form
|---- Ingresa a la app material y luego a la secciÃ³n especificada
|------ Mafe clicks on The name field is necessary
|-- Entonces el usuario valida la informacion del nombre y sale el mensaje "El campo es necesario"
|---- Then El campo es necesario should be 'El campo es necesario'
]]></system-out>
  <system-err><![CDATA[]]></system-err>
</testsuite>
